<!DOCTYPE HTML PUBLIC "-//W3C//DTD HTML 4.01 Transitional//EN" "http://www.w3.org/TR/html4/loose.dtd">
<html>
<head>
<title>Automation Report</title>
<style type="text/css">
<!--
body, table {font-family: arial,sans-serif; font-size: x-small;}
th {background: #336699; color: #FFFFFF; text-align: left;}
-->
</style>
</head>
<body bgcolor="#FFFFFF" topmargin="6" leftmargin="6">
<hr size="1" noshade>
Log session start time Fri Nov 03 17:00:09 IST 2017<br>
<br>
<table cellspacing="0" cellpadding="4" border="1" bordercolor="#224466" width="100%">
<tr>
<th>Time</th>
<th>Thread</th>
<th>Level</th>
<th>Category</th>
<th>File:Line</th>
<th>Message</th>
</tr>

<tr>
<td>0</td>
<td title="main thread">main</td>
<td title="Level">INFO</td>
<td title="functions.Log category">functions.Log</td>
<td>Reporter.java:47</td>
<td title="Message">* - * - * - * - * - * - * - * - * - * - * - * - * - * - * - * - * - * - * - * - * - * - * - * - * - * - * - * - * - * - * - * - * - * - * - * - * - * -  * - * - * - * - * - * - * - * - * - </td>
</tr>

<tr>
<td>42</td>
<td title="main thread">main</td>
<td title="Level">INFO</td>
<td title="functions.Log category">functions.Log</td>
<td>Reporter.java:48</td>
<td title="Message">Execution Started for 'MUSTRUN20_OperaHurdle' - C:\Automation\Workspace\Starwood_Automation\test-output\Results\03Nov2017-050009PM</td>
</tr>

<tr>
<td>18820</td>
<td title="main thread">main</td>
<td title="Level"><font color="#993300"><strong>ERROR</strong></font></td>
<td title="functions.Log category">functions.Log</td>
<td>Utility.java:93</td>
<td title="Message">WebDriverException occured</td>
</tr>
<tr><td bgcolor="#993300" style="color:White; font-size : xx-small;" colspan="6">org.openqa.selenium.WebDriverException: unknown error: cannot get automation extension
<br>&nbsp;&nbsp;&nbsp;&nbsp;from unknown error: page could not be found: chrome-extension://aapnijgdinlhnhlmodcfapnahmbfebeb/_generated_background_page.html
<br>&nbsp;&nbsp;&nbsp;&nbsp;  (Session info: chrome=62.0.3202.75)
<br>&nbsp;&nbsp;&nbsp;&nbsp;  (Driver info: chromedriver=2.29.461591 (62ebf098771772160f391d75e589dc567915b233),platform=Windows NT 10.0.14393 x86_64) (WARNING: The server did not provide any stacktrace information)
<br>&nbsp;&nbsp;&nbsp;&nbsp;Command duration or timeout: 10.31 seconds
<br>&nbsp;&nbsp;&nbsp;&nbsp;Build info: version: '2.48.0', revision: 'b7b081a4f1289f17e8ecd38bc67e137c2a12e34a', time: '2015-10-07 09:50:14'
<br>&nbsp;&nbsp;&nbsp;&nbsp;System info: host: 'BDC7-L-1CVWXC2', ip: '10.246.75.80', os.name: 'Windows 10', os.arch: 'amd64', os.version: '10.0', java.version: '1.8.0_92'
<br>&nbsp;&nbsp;&nbsp;&nbsp;Driver info: org.openqa.selenium.chrome.ChromeDriver
<br>&nbsp;&nbsp;&nbsp;&nbsp;Capabilities [{applicationCacheEnabled=false, rotatable=false, mobileEmulationEnabled=false, networkConnectionEnabled=false, chrome={chromedriverVersion=2.29.461591 (62ebf098771772160f391d75e589dc567915b233), userDataDir=C:\Users\EBF7F~1.SAR\AppData\Local\Temp\scoped_dir12392_17971}, takesHeapSnapshot=true, pageLoadStrategy=normal, databaseEnabled=false, handlesAlerts=true, hasTouchScreen=false, version=62.0.3202.75, platform=XP, browserConnectionEnabled=false, nativeEvents=true, acceptSslCerts=true, locationContextEnabled=true, webStorageEnabled=true, browserName=chrome, takesScreenshot=true, javascriptEnabled=true, cssSelectorsEnabled=true, unexpectedAlertBehaviour=}]
<br>&nbsp;&nbsp;&nbsp;&nbsp;Session ID: 9621de6a471c764d683d34edb66d9e28
<br>&nbsp;&nbsp;&nbsp;&nbsp;	at sun.reflect.NativeConstructorAccessorImpl.newInstance0(Native Method)
<br>&nbsp;&nbsp;&nbsp;&nbsp;	at sun.reflect.NativeConstructorAccessorImpl.newInstance(Unknown Source)
<br>&nbsp;&nbsp;&nbsp;&nbsp;	at sun.reflect.DelegatingConstructorAccessorImpl.newInstance(Unknown Source)
<br>&nbsp;&nbsp;&nbsp;&nbsp;	at java.lang.reflect.Constructor.newInstance(Unknown Source)
<br>&nbsp;&nbsp;&nbsp;&nbsp;	at org.openqa.selenium.remote.ErrorHandler.createThrowable(ErrorHandler.java:206)
<br>&nbsp;&nbsp;&nbsp;&nbsp;	at org.openqa.selenium.remote.ErrorHandler.throwIfResponseFailed(ErrorHandler.java:158)
<br>&nbsp;&nbsp;&nbsp;&nbsp;	at org.openqa.selenium.remote.RemoteWebDriver.execute(RemoteWebDriver.java:647)
<br>&nbsp;&nbsp;&nbsp;&nbsp;	at org.openqa.selenium.remote.RemoteWebDriver$RemoteWebDriverOptions$RemoteWindow.maximize(RemoteWebDriver.java:907)
<br>&nbsp;&nbsp;&nbsp;&nbsp;	at functions.Utility.LaunchBrowser(Utility.java:79)
<br>&nbsp;&nbsp;&nbsp;&nbsp;	at functions.CRS.LaunchBrowser(CRS.java:19)
<br>&nbsp;&nbsp;&nbsp;&nbsp;	at tbd.MUSTRUN20_OperaHurdle.StartTest(MUSTRUN20_OperaHurdle.java:25)
<br>&nbsp;&nbsp;&nbsp;&nbsp;	at sun.reflect.NativeMethodAccessorImpl.invoke0(Native Method)
<br>&nbsp;&nbsp;&nbsp;&nbsp;	at sun.reflect.NativeMethodAccessorImpl.invoke(Unknown Source)
<br>&nbsp;&nbsp;&nbsp;&nbsp;	at sun.reflect.DelegatingMethodAccessorImpl.invoke(Unknown Source)
<br>&nbsp;&nbsp;&nbsp;&nbsp;	at java.lang.reflect.Method.invoke(Unknown Source)
<br>&nbsp;&nbsp;&nbsp;&nbsp;	at org.testng.internal.MethodInvocationHelper.invokeMethod(MethodInvocationHelper.java:86)
<br>&nbsp;&nbsp;&nbsp;&nbsp;	at org.testng.internal.Invoker.invokeConfigurationMethod(Invoker.java:514)
<br>&nbsp;&nbsp;&nbsp;&nbsp;	at org.testng.internal.Invoker.invokeConfigurations(Invoker.java:215)
<br>&nbsp;&nbsp;&nbsp;&nbsp;	at org.testng.internal.Invoker.invokeConfigurations(Invoker.java:142)
<br>&nbsp;&nbsp;&nbsp;&nbsp;	at org.testng.internal.TestMethodWorker.invokeBeforeClassMethods(TestMethodWorker.java:178)
<br>&nbsp;&nbsp;&nbsp;&nbsp;	at org.testng.internal.TestMethodWorker.run(TestMethodWorker.java:108)
<br>&nbsp;&nbsp;&nbsp;&nbsp;	at org.testng.TestRunner.privateRun(TestRunner.java:782)
<br>&nbsp;&nbsp;&nbsp;&nbsp;	at org.testng.TestRunner.run(TestRunner.java:632)
<br>&nbsp;&nbsp;&nbsp;&nbsp;	at org.testng.SuiteRunner.runTest(SuiteRunner.java:366)
<br>&nbsp;&nbsp;&nbsp;&nbsp;	at org.testng.SuiteRunner.runSequentially(SuiteRunner.java:361)
<br>&nbsp;&nbsp;&nbsp;&nbsp;	at org.testng.SuiteRunner.privateRun(SuiteRunner.java:319)
<br>&nbsp;&nbsp;&nbsp;&nbsp;	at org.testng.SuiteRunner.run(SuiteRunner.java:268)
<br>&nbsp;&nbsp;&nbsp;&nbsp;	at org.testng.SuiteRunnerWorker.runSuite(SuiteRunnerWorker.java:52)
<br>&nbsp;&nbsp;&nbsp;&nbsp;	at org.testng.SuiteRunnerWorker.run(SuiteRunnerWorker.java:86)
<br>&nbsp;&nbsp;&nbsp;&nbsp;	at org.testng.TestNG.runSuitesSequentially(TestNG.java:1244)
<br>&nbsp;&nbsp;&nbsp;&nbsp;	at org.testng.TestNG.runSuitesLocally(TestNG.java:1169)
<br>&nbsp;&nbsp;&nbsp;&nbsp;	at org.testng.TestNG.run(TestNG.java:1064)
<br>&nbsp;&nbsp;&nbsp;&nbsp;	at org.testng.remote.AbstractRemoteTestNG.run(AbstractRemoteTestNG.java:126)
<br>&nbsp;&nbsp;&nbsp;&nbsp;	at org.testng.remote.RemoteTestNG.initAndRun(RemoteTestNG.java:137)
<br>&nbsp;&nbsp;&nbsp;&nbsp;	at org.testng.remote.RemoteTestNG.main(RemoteTestNG.java:58)
</td></tr>

<tr>
<td>60042</td>
<td title="main thread">main</td>
<td title="Level"><font color="#993300"><strong>ERROR</strong></font></td>
<td title="functions.Log category">functions.Log</td>
<td>Utility.java:488</td>
<td title="Message">Exception occured</td>
</tr>
<tr><td bgcolor="#993300" style="color:White; font-size : xx-small;" colspan="6">org.openqa.selenium.TimeoutException: Timed out after 30 seconds waiting for frame to be available: By.id: mainPageContent
<br>&nbsp;&nbsp;&nbsp;&nbsp;Build info: version: '2.48.0', revision: 'b7b081a4f1289f17e8ecd38bc67e137c2a12e34a', time: '2015-10-07 09:50:14'
<br>&nbsp;&nbsp;&nbsp;&nbsp;System info: host: 'BDC7-L-1CVWXC2', ip: '10.246.75.80', os.name: 'Windows 10', os.arch: 'amd64', os.version: '10.0', java.version: '1.8.0_92'
<br>&nbsp;&nbsp;&nbsp;&nbsp;Driver info: org.openqa.selenium.chrome.ChromeDriver
<br>&nbsp;&nbsp;&nbsp;&nbsp;Capabilities [{applicationCacheEnabled=false, rotatable=false, mobileEmulationEnabled=false, networkConnectionEnabled=false, chrome={chromedriverVersion=2.29.461591 (62ebf098771772160f391d75e589dc567915b233), userDataDir=C:\Users\EBF7F~1.SAR\AppData\Local\Temp\scoped_dir12392_17971}, takesHeapSnapshot=true, pageLoadStrategy=normal, databaseEnabled=false, handlesAlerts=true, hasTouchScreen=false, version=62.0.3202.75, platform=XP, browserConnectionEnabled=false, nativeEvents=true, acceptSslCerts=true, locationContextEnabled=true, webStorageEnabled=true, browserName=chrome, takesScreenshot=true, javascriptEnabled=true, cssSelectorsEnabled=true, unexpectedAlertBehaviour=}]
<br>&nbsp;&nbsp;&nbsp;&nbsp;Session ID: 9621de6a471c764d683d34edb66d9e28
<br>&nbsp;&nbsp;&nbsp;&nbsp;	at org.openqa.selenium.support.ui.WebDriverWait.timeoutException(WebDriverWait.java:80)
<br>&nbsp;&nbsp;&nbsp;&nbsp;	at org.openqa.selenium.support.ui.FluentWait.until(FluentWait.java:261)
<br>&nbsp;&nbsp;&nbsp;&nbsp;	at functions.Utility.SwitchToFrame(Utility.java:480)
<br>&nbsp;&nbsp;&nbsp;&nbsp;	at tbd.MUSTRUN20_OperaHurdle.TransientRatePlan(MUSTRUN20_OperaHurdle.java:29)
<br>&nbsp;&nbsp;&nbsp;&nbsp;	at sun.reflect.NativeMethodAccessorImpl.invoke0(Native Method)
<br>&nbsp;&nbsp;&nbsp;&nbsp;	at sun.reflect.NativeMethodAccessorImpl.invoke(Unknown Source)
<br>&nbsp;&nbsp;&nbsp;&nbsp;	at sun.reflect.DelegatingMethodAccessorImpl.invoke(Unknown Source)
<br>&nbsp;&nbsp;&nbsp;&nbsp;	at java.lang.reflect.Method.invoke(Unknown Source)
<br>&nbsp;&nbsp;&nbsp;&nbsp;	at org.testng.internal.MethodInvocationHelper.invokeMethod(MethodInvocationHelper.java:86)
<br>&nbsp;&nbsp;&nbsp;&nbsp;	at org.testng.internal.Invoker.invokeMethod(Invoker.java:643)
<br>&nbsp;&nbsp;&nbsp;&nbsp;	at org.testng.internal.Invoker.invokeTestMethod(Invoker.java:820)
<br>&nbsp;&nbsp;&nbsp;&nbsp;	at org.testng.internal.Invoker.invokeTestMethods(Invoker.java:1128)
<br>&nbsp;&nbsp;&nbsp;&nbsp;	at org.testng.internal.TestMethodWorker.invokeTestMethods(TestMethodWorker.java:129)
<br>&nbsp;&nbsp;&nbsp;&nbsp;	at org.testng.internal.TestMethodWorker.run(TestMethodWorker.java:112)
<br>&nbsp;&nbsp;&nbsp;&nbsp;	at org.testng.TestRunner.privateRun(TestRunner.java:782)
<br>&nbsp;&nbsp;&nbsp;&nbsp;	at org.testng.TestRunner.run(TestRunner.java:632)
<br>&nbsp;&nbsp;&nbsp;&nbsp;	at org.testng.SuiteRunner.runTest(SuiteRunner.java:366)
<br>&nbsp;&nbsp;&nbsp;&nbsp;	at org.testng.SuiteRunner.runSequentially(SuiteRunner.java:361)
<br>&nbsp;&nbsp;&nbsp;&nbsp;	at org.testng.SuiteRunner.privateRun(SuiteRunner.java:319)
<br>&nbsp;&nbsp;&nbsp;&nbsp;	at org.testng.SuiteRunner.run(SuiteRunner.java:268)
<br>&nbsp;&nbsp;&nbsp;&nbsp;	at org.testng.SuiteRunnerWorker.runSuite(SuiteRunnerWorker.java:52)
<br>&nbsp;&nbsp;&nbsp;&nbsp;	at org.testng.SuiteRunnerWorker.run(SuiteRunnerWorker.java:86)
<br>&nbsp;&nbsp;&nbsp;&nbsp;	at org.testng.TestNG.runSuitesSequentially(TestNG.java:1244)
<br>&nbsp;&nbsp;&nbsp;&nbsp;	at org.testng.TestNG.runSuitesLocally(TestNG.java:1169)
<br>&nbsp;&nbsp;&nbsp;&nbsp;	at org.testng.TestNG.run(TestNG.java:1064)
<br>&nbsp;&nbsp;&nbsp;&nbsp;	at org.testng.remote.AbstractRemoteTestNG.run(AbstractRemoteTestNG.java:126)
<br>&nbsp;&nbsp;&nbsp;&nbsp;	at org.testng.remote.RemoteTestNG.initAndRun(RemoteTestNG.java:137)
<br>&nbsp;&nbsp;&nbsp;&nbsp;	at org.testng.remote.RemoteTestNG.main(RemoteTestNG.java:58)
<br>&nbsp;&nbsp;&nbsp;&nbsp;Caused by: org.openqa.selenium.NoSuchElementException: no such element: Unable to locate element: {&quot;method&quot;:&quot;id&quot;,&quot;selector&quot;:&quot;mainPageContent&quot;}
<br>&nbsp;&nbsp;&nbsp;&nbsp;  (Session info: chrome=62.0.3202.75)
<br>&nbsp;&nbsp;&nbsp;&nbsp;  (Driver info: chromedriver=2.29.461591 (62ebf098771772160f391d75e589dc567915b233),platform=Windows NT 10.0.14393 x86_64) (WARNING: The server did not provide any stacktrace information)
<br>&nbsp;&nbsp;&nbsp;&nbsp;Command duration or timeout: 20.03 seconds
<br>&nbsp;&nbsp;&nbsp;&nbsp;For documentation on this error, please visit: http://seleniumhq.org/exceptions/no_such_element.html
<br>&nbsp;&nbsp;&nbsp;&nbsp;Build info: version: '2.48.0', revision: 'b7b081a4f1289f17e8ecd38bc67e137c2a12e34a', time: '2015-10-07 09:50:14'
<br>&nbsp;&nbsp;&nbsp;&nbsp;System info: host: 'BDC7-L-1CVWXC2', ip: '10.246.75.80', os.name: 'Windows 10', os.arch: 'amd64', os.version: '10.0', java.version: '1.8.0_92'
<br>&nbsp;&nbsp;&nbsp;&nbsp;Driver info: org.openqa.selenium.chrome.ChromeDriver
<br>&nbsp;&nbsp;&nbsp;&nbsp;Capabilities [{applicationCacheEnabled=false, rotatable=false, mobileEmulationEnabled=false, networkConnectionEnabled=false, chrome={chromedriverVersion=2.29.461591 (62ebf098771772160f391d75e589dc567915b233), userDataDir=C:\Users\EBF7F~1.SAR\AppData\Local\Temp\scoped_dir12392_17971}, takesHeapSnapshot=true, pageLoadStrategy=normal, databaseEnabled=false, handlesAlerts=true, hasTouchScreen=false, version=62.0.3202.75, platform=XP, browserConnectionEnabled=false, nativeEvents=true, acceptSslCerts=true, locationContextEnabled=true, webStorageEnabled=true, browserName=chrome, takesScreenshot=true, javascriptEnabled=true, cssSelectorsEnabled=true, unexpectedAlertBehaviour=}]
<br>&nbsp;&nbsp;&nbsp;&nbsp;Session ID: 9621de6a471c764d683d34edb66d9e28
<br>&nbsp;&nbsp;&nbsp;&nbsp;*** Element info: {Using=id, value=mainPageContent}
<br>&nbsp;&nbsp;&nbsp;&nbsp;	at sun.reflect.NativeConstructorAccessorImpl.newInstance0(Native Method)
<br>&nbsp;&nbsp;&nbsp;&nbsp;	at sun.reflect.NativeConstructorAccessorImpl.newInstance(Unknown Source)
<br>&nbsp;&nbsp;&nbsp;&nbsp;	at sun.reflect.DelegatingConstructorAccessorImpl.newInstance(Unknown Source)
<br>&nbsp;&nbsp;&nbsp;&nbsp;	at java.lang.reflect.Constructor.newInstance(Unknown Source)
<br>&nbsp;&nbsp;&nbsp;&nbsp;	at org.openqa.selenium.remote.ErrorHandler.createThrowable(ErrorHandler.java:206)
<br>&nbsp;&nbsp;&nbsp;&nbsp;	at org.openqa.selenium.remote.ErrorHandler.throwIfResponseFailed(ErrorHandler.java:158)
<br>&nbsp;&nbsp;&nbsp;&nbsp;	at org.openqa.selenium.remote.RemoteWebDriver.execute(RemoteWebDriver.java:647)
<br>&nbsp;&nbsp;&nbsp;&nbsp;	at org.openqa.selenium.remote.RemoteWebDriver.findElement(RemoteWebDriver.java:353)
<br>&nbsp;&nbsp;&nbsp;&nbsp;	at org.openqa.selenium.remote.RemoteWebDriver.findElementById(RemoteWebDriver.java:403)
<br>&nbsp;&nbsp;&nbsp;&nbsp;	at org.openqa.selenium.By$ById.findElement(By.java:218)
<br>&nbsp;&nbsp;&nbsp;&nbsp;	at org.openqa.selenium.remote.RemoteWebDriver.findElement(RemoteWebDriver.java:345)
<br>&nbsp;&nbsp;&nbsp;&nbsp;	at org.openqa.selenium.support.ui.ExpectedConditions.findElement(ExpectedConditions.java:903)
<br>&nbsp;&nbsp;&nbsp;&nbsp;	at org.openqa.selenium.support.ui.ExpectedConditions.access$000(ExpectedConditions.java:41)
<br>&nbsp;&nbsp;&nbsp;&nbsp;	at org.openqa.selenium.support.ui.ExpectedConditions$17.apply(ExpectedConditions.java:511)
<br>&nbsp;&nbsp;&nbsp;&nbsp;	at org.openqa.selenium.support.ui.ExpectedConditions$17.apply(ExpectedConditions.java:507)
<br>&nbsp;&nbsp;&nbsp;&nbsp;	at org.openqa.selenium.support.ui.FluentWait.until(FluentWait.java:238)
<br>&nbsp;&nbsp;&nbsp;&nbsp;	... 26 more
</td></tr>

<tr>
<td>103836</td>
<td title="main thread">main</td>
<td title="Level"><font color="#993300"><strong>ERROR</strong></font></td>
<td title="functions.Log category">functions.Log</td>
<td>Utility.java:657</td>
<td title="Message">Unable to enter the value in VP_Username_EB</td>
</tr>
