<!DOCTYPE HTML PUBLIC "-//W3C//DTD HTML 4.01 Transitional//EN" "http://www.w3.org/TR/html4/loose.dtd">
<html>
<head>
<title>Automation Report</title>
<style type="text/css">
<!--
body, table {font-family: arial,sans-serif; font-size: x-small;}
th {background: #336699; color: #FFFFFF; text-align: left;}
-->
</style>
</head>
<body bgcolor="#FFFFFF" topmargin="6" leftmargin="6">
<hr size="1" noshade>
Log session start time Fri May 19 15:07:37 IST 2017<br>
<br>
<table cellspacing="0" cellpadding="4" border="1" bordercolor="#224466" width="100%">
<tr>
<th>Time</th>
<th>Thread</th>
<th>Level</th>
<th>Category</th>
<th>File:Line</th>
<th>Message</th>
</tr>

<tr>
<td>1</td>
<td title="main thread">main</td>
<td title="Level">INFO</td>
<td title="functions.Log category">functions.Log</td>
<td>Reporter.java:47</td>
<td title="Message">* - * - * - * - * - * - * - * - * - * - * - * - * - * - * - * - * - * - * - * - * - * - * - * - * - * - * - * - * - * - * - * - * - * - * - * - * - * -  * - * - * - * - * - * - * - * - * - </td>
</tr>

<tr>
<td>7</td>
<td title="main thread">main</td>
<td title="Level">INFO</td>
<td title="functions.Log category">functions.Log</td>
<td>Reporter.java:48</td>
<td title="Message">Execution Started for 'SUP02_EnvironmentCheck5App' - C:\Automation\Workspace\Starwood_Automation\test-output\Results\19May2017-030737PM</td>
</tr>

<tr>
<td>29805</td>
<td title="main thread">main</td>
<td title="Level">INFO</td>
<td title="functions.Log category">functions.Log</td>
<td>Reporter.java:134</td>
<td title="Message">URL-https://stg-sgr.starwoodhotels.com/sgr/</td>
</tr>

<tr>
<td>32974</td>
<td title="main thread">main</td>
<td title="Level"><font color="#339933">DEBUG</font></td>
<td title="functions.Log category">functions.Log</td>
<td>Reporter.java:134</td>
<td title="Message">PASS&gt;SGRApplicationLoginPage&gt;SGR login page working as expected&gt;SGR login page working as expected</td>
</tr>

<tr>
<td>113289</td>
<td title="main thread">main</td>
<td title="Level"><font color="#339933">DEBUG</font></td>
<td title="functions.Log category">functions.Log</td>
<td>Reporter.java:134</td>
<td title="Message">PASS&gt;SGRApplicationLoginPage&gt;SGR logged in successfully as expected&gt;SGR logged in successfully as expected</td>
</tr>

<tr>
<td>122845</td>
<td title="main thread">main</td>
<td title="Level">INFO</td>
<td title="functions.Log category">functions.Log</td>
<td>Reporter.java:134</td>
<td title="Message">CEM login page working as expected.</td>
</tr>

<tr>
<td>231070</td>
<td title="main thread">main</td>
<td title="Level">INFO</td>
<td title="functions.Log category">functions.Log</td>
<td>Utility.java:568</td>
<td title="Message">Alert not present</td>
</tr>

<tr>
<td>233203</td>
<td title="main thread">main</td>
<td title="Level"><font color="#993300"><strong>ERROR</strong></font></td>
<td title="functions.Log category">functions.Log</td>
<td>Reporter.java:134</td>
<td title="Message">FAIL&gt;NA_FailCurrentTest&gt;&gt;FAILED-CEM not logged in successfully as expected.</td>
</tr>

<tr>
<td>250005</td>
<td title="main thread">main</td>
<td title="Level">INFO</td>
<td title="functions.Log category">functions.Log</td>
<td>Reporter.java:134</td>
<td title="Message">GC login page working as expected.</td>
</tr>

<tr>
<td>280203</td>
<td title="main thread">main</td>
<td title="Level">INFO</td>
<td title="functions.Log category">functions.Log</td>
<td>Reporter.java:134</td>
<td title="Message">GC logged in successfully as expected.</td>
</tr>

<tr>
<td>290155</td>
<td title="main thread">main</td>
<td title="Level">INFO</td>
<td title="functions.Log category">functions.Log</td>
<td>Reporter.java:134</td>
<td title="Message">Discovery login page working as expected.</td>
</tr>

<tr>
<td>330392</td>
<td title="main thread">main</td>
<td title="Level">INFO</td>
<td title="functions.Log category">functions.Log</td>
<td>Reporter.java:134</td>
<td title="Message">Discovery logged in successfully as expected.</td>
</tr>

<tr>
<td>342133</td>
<td title="main thread">main</td>
<td title="Level"><font color="#993300"><strong>ERROR</strong></font></td>
<td title="functions.Log category">functions.Log</td>
<td>Reporter.java:134</td>
<td title="Message">FAIL&gt;NA_FailCurrentTest&gt;&gt;FAILED-BOB login page not working as expected.</td>
</tr>

<tr>
<td>404130</td>
<td title="main thread">main</td>
<td title="Level"><font color="#993300"><strong>ERROR</strong></font></td>
<td title="functions.Log category">functions.Log</td>
<td>Utility.java:296</td>
<td title="Message">Object not found: 'BopLogin_UserName_EB'</td>
</tr>

<tr>
<td>404131</td>
<td title="main thread">main</td>
<td title="Level"><font color="#993300"><strong>ERROR</strong></font></td>
<td title="functions.Log category">functions.Log</td>
<td>Utility.java:656</td>
<td title="Message">Unable to enter the value in BopLogin_UserName_EB</td>
</tr>

<tr>
<td>465291</td>
<td title="main thread">main</td>
<td title="Level"><font color="#993300"><strong>ERROR</strong></font></td>
<td title="functions.Log category">functions.Log</td>
<td>Utility.java:296</td>
<td title="Message">Object not found: 'BopLogin_Password_EB'</td>
</tr>

<tr>
<td>465295</td>
<td title="main thread">main</td>
<td title="Level"><font color="#993300"><strong>ERROR</strong></font></td>
<td title="functions.Log category">functions.Log</td>
<td>Utility.java:656</td>
<td title="Message">Unable to enter the value in BopLogin_Password_EB</td>
</tr>

<tr>
<td>526966</td>
<td title="main thread">main</td>
<td title="Level"><font color="#993300"><strong>ERROR</strong></font></td>
<td title="functions.Log category">functions.Log</td>
<td>Utility.java:296</td>
<td title="Message">Object not found: 'BopLogin_Login_BN'</td>
</tr>

<tr>
<td>545549</td>
<td title="main thread">main</td>
<td title="Level"><font color="#993300"><strong>ERROR</strong></font></td>
<td title="functions.Log category">functions.Log</td>
<td>Utility.java:433</td>
<td title="Message">Exception is captured check screenshot: Exception-031627033.png</td>
</tr>
<tr><td bgcolor="#993300" style="color:White; font-size : xx-small;" colspan="6">java.lang.NullPointerException
<br>&nbsp;&nbsp;&nbsp;&nbsp;	at functions.Utility.Click(Utility.java:418)
<br>&nbsp;&nbsp;&nbsp;&nbsp;	at support.SUP02_EnvironmentCheck5App.BOB(SUP02_EnvironmentCheck5App.java:111)
<br>&nbsp;&nbsp;&nbsp;&nbsp;	at sun.reflect.NativeMethodAccessorImpl.invoke0(Native Method)
<br>&nbsp;&nbsp;&nbsp;&nbsp;	at sun.reflect.NativeMethodAccessorImpl.invoke(Unknown Source)
<br>&nbsp;&nbsp;&nbsp;&nbsp;	at sun.reflect.DelegatingMethodAccessorImpl.invoke(Unknown Source)
<br>&nbsp;&nbsp;&nbsp;&nbsp;	at java.lang.reflect.Method.invoke(Unknown Source)
<br>&nbsp;&nbsp;&nbsp;&nbsp;	at org.testng.internal.MethodInvocationHelper.invokeMethod(MethodInvocationHelper.java:86)
<br>&nbsp;&nbsp;&nbsp;&nbsp;	at org.testng.internal.Invoker.invokeMethod(Invoker.java:643)
<br>&nbsp;&nbsp;&nbsp;&nbsp;	at org.testng.internal.Invoker.invokeTestMethod(Invoker.java:820)
<br>&nbsp;&nbsp;&nbsp;&nbsp;	at org.testng.internal.Invoker.invokeTestMethods(Invoker.java:1128)
<br>&nbsp;&nbsp;&nbsp;&nbsp;	at org.testng.internal.TestMethodWorker.invokeTestMethods(TestMethodWorker.java:129)
<br>&nbsp;&nbsp;&nbsp;&nbsp;	at org.testng.internal.TestMethodWorker.run(TestMethodWorker.java:112)
<br>&nbsp;&nbsp;&nbsp;&nbsp;	at org.testng.TestRunner.privateRun(TestRunner.java:782)
<br>&nbsp;&nbsp;&nbsp;&nbsp;	at org.testng.TestRunner.run(TestRunner.java:632)
<br>&nbsp;&nbsp;&nbsp;&nbsp;	at org.testng.SuiteRunner.runTest(SuiteRunner.java:366)
<br>&nbsp;&nbsp;&nbsp;&nbsp;	at org.testng.SuiteRunner.runSequentially(SuiteRunner.java:361)
<br>&nbsp;&nbsp;&nbsp;&nbsp;	at org.testng.SuiteRunner.privateRun(SuiteRunner.java:319)
<br>&nbsp;&nbsp;&nbsp;&nbsp;	at org.testng.SuiteRunner.run(SuiteRunner.java:268)
<br>&nbsp;&nbsp;&nbsp;&nbsp;	at org.testng.SuiteRunnerWorker.runSuite(SuiteRunnerWorker.java:52)
<br>&nbsp;&nbsp;&nbsp;&nbsp;	at org.testng.SuiteRunnerWorker.run(SuiteRunnerWorker.java:86)
<br>&nbsp;&nbsp;&nbsp;&nbsp;	at org.testng.TestNG.runSuitesSequentially(TestNG.java:1244)
<br>&nbsp;&nbsp;&nbsp;&nbsp;	at org.testng.TestNG.runSuitesLocally(TestNG.java:1169)
<br>&nbsp;&nbsp;&nbsp;&nbsp;	at org.testng.TestNG.run(TestNG.java:1064)
<br>&nbsp;&nbsp;&nbsp;&nbsp;	at org.testng.remote.AbstractRemoteTestNG.run(AbstractRemoteTestNG.java:126)
<br>&nbsp;&nbsp;&nbsp;&nbsp;	at org.testng.remote.RemoteTestNG.initAndRun(RemoteTestNG.java:137)
<br>&nbsp;&nbsp;&nbsp;&nbsp;	at org.testng.remote.RemoteTestNG.main(RemoteTestNG.java:58)
</td></tr>

<tr>
<td>565932</td>
<td title="main thread">main</td>
<td title="Level"><font color="#993300"><strong>ERROR</strong></font></td>
<td title="functions.Log category">functions.Log</td>
<td>Reporter.java:134</td>
<td title="Message">FAIL&gt;NA_FailCurrentTest&gt;&gt;FAILED-BOB not logged in successfully as expected.</td>
</tr>

<tr>
<td>568593</td>
<td title="main thread">main</td>
<td title="Level">INFO</td>
<td title="functions.Log category">functions.Log</td>
<td>Reporter.java:59</td>
<td title="Message">Execution Ended for 'SUP02_EnvironmentCheck5App' - C:\Automation\Workspace\Starwood_Automation\test-output\Results\19May2017-030737PM</td>
</tr>
